2025-05-20 11:05:48,835 - __main__ - INFO - Prediction made for file 4_i.jpg
2025-05-20 11:06:12,202 - __main__ - INFO - Prediction made for file 6_i.jpg
2025-05-20 11:10:47,071 - __main__ - INFO - Prediction made for file 4_i.jpg
2025-05-20 11:13:11,535 - __main__ - INFO - Prediction made for file 3_i.jpg
2025-05-20 11:40:55,098 - __main__ - INFO - Chatbot response: Hi there! Ask me anything about thyroid health.
2025-05-20 14:24:31,841 - __main__ - INFO - Prediction made for file 3_i.jpg
2025-05-20 14:24:59,222 - __main__ - INFO - Prediction made for file 3_b.jpg
2025-05-20 14:25:03,407 - __main__ - INFO - Chatbot response: Hi there! Ask me anything about thyroid health.
2025-05-20 14:46:21,208 - __main__ - INFO - Prediction made for file 3_b.jpg
2025-05-20 14:58:03,860 - __main__ - INFO - Prediction made for file 3_b.jpg
2025-05-20 14:58:14,986 - __main__ - INFO - Prediction made for file 4_b.jpg
2025-05-20 14:59:02,007 - __main__ - INFO - Prediction made for file 3_i.jpg
2025-05-20 14:59:15,015 - __main__ - INFO - Chatbot response: Hey! How can I help you today?
2025-05-20 14:59:18,035 - __main__ - INFO - Chatbot response: Thyroid cancer patients are advised to eat a balanced diet rich in fruits, vegetables, whole grains, and lean proteins. Limiting processed foods and consulting a dietitian can help tailor your diet.
2025-05-20 14:59:24,124 - __main__ - INFO - Chatbot response: Treatment options include surgery, radioactive iodine therapy, hormone therapy, radiation, and sometimes chemotherapy. The choice depends on the type and stage of the condition.
2025-05-27 11:32:08,135 - __main__ - INFO - Chatbot response: Hi there! Ask me anything about thyroid health.
2025-05-27 11:33:52,050 - __main__ - INFO - Prediction made for file 3_b.jpg
2025-05-27 11:33:59,212 - __main__ - INFO - Prediction made for file 39_b.jpg
2025-05-27 11:34:11,884 - __main__ - INFO - Prediction made for file 81_b.jpg
2025-05-27 11:34:18,855 - __main__ - INFO - Prediction made for file 4_i.jpg
2025-05-27 11:34:29,100 - __main__ - INFO - Chatbot response: Hello! I'm here to assist you with thyroid-related information.
2025-05-27 11:34:33,044 - __main__ - INFO - Chatbot response: Common symptoms include a lump in the neck, hoarseness, difficulty swallowing, and swollen lymph nodes.
2025-05-27 11:34:38,419 - __main__ - INFO - Chatbot response: Treatment options include surgery, radioactive iodine therapy, hormone therapy, radiation, and sometimes chemotherapy. The choice depends on the type and stage of the condition.
2025-05-27 11:52:07,244 - __main__ - INFO - Chatbot response: Thyroid cancer is a disease where abnormal cells grow in the thyroid gland, located in the neck. It can disrupt hormone production and needs timely diagnosis.
2025-05-27 11:55:07,233 - __main__ - INFO - Chatbot response: Common symptoms include a lump in the neck, hoarseness, difficulty swallowing, and swollen lymph nodes.
2025-05-27 11:55:16,097 - __main__ - INFO - Chatbot response: Sorry, I didn't understand that.
2025-05-27 11:56:14,833 - __main__ - INFO - Chatbot response: Sorry, I didn't understand that.
2025-05-27 11:56:26,424 - __main__ - INFO - Chatbot response: Sorry, I didn't understand that.
2025-05-27 11:56:37,300 - __main__ - INFO - Chatbot response: Treatment options include surgery, radioactive iodine therapy, hormone therapy, radiation, and sometimes chemotherapy. The choice depends on the type and stage of the condition.
2025-05-27 12:09:49,290 - __main__ - INFO - Chatbot response: Hello! I'm here to assist you with thyroid-related information.
2025-05-27 12:09:54,160 - __main__ - INFO - Chatbot response: Treatment options include surgery, radioactive iodine therapy, hormone therapy, radiation, and sometimes chemotherapy. The choice depends on the type and stage of the condition.
2025-05-27 12:14:32,987 - __main__ - INFO - Chatbot response: Risk factors include family history, radiation exposure, certain genetic conditions, and being female. Early awareness is key.
2025-05-27 12:15:29,435 - __main__ - INFO - Chatbot response: Risk factors include family history, radiation exposure, certain genetic conditions, and being female. Early awareness is key.
2025-05-27 12:47:36,817 - __main__ - INFO - Chatbot response: Hello! I'm here to assist you with thyroid-related information.
2025-05-27 12:47:42,440 - __main__ - INFO - Chatbot response: Sorry, I didn't understand that.
2025-05-27 12:48:07,345 - __main__ - INFO - Chatbot response: While not always preventable, minimizing radiation exposure and maintaining regular health checkups can help reduce the risk.
2025-05-27 12:48:22,311 - __main__ - INFO - Chatbot response: If you notice persistent symptoms or changes in your neck area, it’s best to consult an endocrinologist or oncologist for evaluation.
2025-05-27 12:48:33,157 - __main__ - INFO - Chatbot response: Risk factors include family history, radiation exposure, certain genetic conditions, and being female. Early awareness is key.
2025-05-27 12:48:47,128 - __main__ - INFO - Chatbot response: Risk factors include family history, radiation exposure, certain genetic conditions, and being female. Early awareness is key.
2025-05-27 12:49:10,529 - __main__ - INFO - Chatbot response: Treatment options include surgery, radioactive iodine therapy, hormone therapy, radiation, and sometimes chemotherapy. The choice depends on the type and stage of the condition.
2025-05-27 12:50:23,115 - __main__ - INFO - Prediction made for file 3_b.jpg
2025-05-27 12:50:29,082 - __main__ - INFO - Prediction made for file 10_b.jpg
2025-05-27 12:50:36,916 - __main__ - INFO - Prediction made for file 90_b.jpg
2025-05-27 12:50:45,095 - __main__ - INFO - Prediction made for file 3_i.jpg
2025-05-27 12:50:56,234 - __main__ - INFO - Chatbot response: Sorry, I didn't understand that.
2025-05-27 12:51:15,811 - __main__ - INFO - Chatbot response: Early detection involves observing symptoms like neck lumps or voice changes and confirming with blood tests, ultrasound, and biopsy.
2025-05-27 12:51:34,806 - __main__ - INFO - Chatbot response: Common symptoms include a lump in the neck, hoarseness, difficulty swallowing, and swollen lymph nodes.
2025-05-27 12:52:27,374 - __main__ - INFO - Chatbot response: If you notice persistent symptoms or changes in your neck area, it’s best to consult an endocrinologist or oncologist for evaluation.
2025-05-27 13:10:08,571 - __main__ - INFO - Chatbot response: Thyroid cancer patients are advised to eat a balanced diet rich in fruits, vegetables, whole grains, and lean proteins. Limiting processed foods and consulting a dietitian can help tailor your diet.
2025-05-27 13:12:05,032 - __main__ - INFO - Chatbot response: Common symptoms include a lump in the neck, hoarseness, difficulty swallowing, and swollen lymph nodes.
2025-05-27 13:13:10,275 - __main__ - INFO - Prediction made for file 9_i.jpg
2025-05-30 21:45:46,999 - __main__ - INFO - Chatbot response: Hi there! Ask me anything about thyroid health.
2025-05-30 21:45:54,383 - __main__ - INFO - Chatbot response: The main types are papillary, follicular, medullary, and anaplastic thyroid cancer. Papillary is the most common and usually grows slowly.
2025-05-30 21:46:22,944 - __main__ - INFO - Chatbot response: Common symptoms include a lump in the neck, hoarseness, difficulty swallowing, and swollen lymph nodes.
2025-05-30 21:46:57,839 - __main__ - INFO - Chatbot response: Common symptoms include a lump in the neck, hoarseness, difficulty swallowing, and swollen lymph nodes.
2025-05-30 21:47:19,506 - __main__ - INFO - Chatbot response: The main types are papillary, follicular, medullary, and anaplastic thyroid cancer. Papillary is the most common and usually grows slowly.
2025-05-30 21:47:39,406 - __main__ - INFO - Chatbot response: The main types are papillary, follicular, medullary, and anaplastic thyroid cancer. Papillary is the most common and usually grows slowly.
2025-05-30 21:48:38,516 - __main__ - INFO - Chatbot response: Common symptoms include a lump in the neck, hoarseness, difficulty swallowing, and swollen lymph nodes.
2025-06-26 22:31:15,505 - __main__ - INFO - Prediction made for file 3_i.jpg
2025-06-26 22:31:25,470 - __main__ - INFO - Prediction made for file 3_b.jpg
2025-06-26 22:31:33,405 - __main__ - INFO - Prediction made for file 50_b.jpg
2025-06-26 22:31:51,358 - __main__ - INFO - Chatbot response: Hey! How can I help you today?
2025-06-26 22:31:59,417 - __main__ - INFO - Chatbot response: The main types are papillary, follicular, medullary, and anaplastic thyroid cancer. Papillary is the most common and usually grows slowly.
2025-06-26 22:32:11,301 - __main__ - INFO - Chatbot response: The main types are papillary, follicular, medullary, and anaplastic thyroid cancer. Papillary is the most common and usually grows slowly.
2025-06-26 22:33:09,807 - __main__ - INFO - Chatbot response: Thyroid cancer patients are advised to eat a balanced diet rich in fruits, vegetables, whole grains, and lean proteins. Limiting processed foods and consulting a dietitian can help tailor your diet.
2025-06-26 22:40:08,865 - __main__ - INFO - Chatbot response: The main types are papillary, follicular, medullary, and anaplastic thyroid cancer. Papillary is the most common and usually grows slowly.
2025-06-26 22:40:26,082 - __main__ - INFO - Chatbot response: The main types are papillary, follicular, medullary, and anaplastic thyroid cancer. Papillary is the most common and usually grows slowly.
2025-06-26 22:41:12,956 - __main__ - INFO - Chatbot response: Thyroid cancer patients are advised to eat a balanced diet rich in fruits, vegetables, whole grains, and lean proteins. Limiting processed foods and consulting a dietitian can help tailor your diet.
2025-06-26 22:45:18,985 - __main__ - ERROR - Error getting chatbot response: 'embedding'
2025-06-26 22:46:16,349 - __main__ - INFO - Chatbot response: Hello! I'm here to assist you with thyroid-related information.
2025-06-26 22:46:25,768 - __main__ - INFO - Chatbot response: Thyroid cancer is a disease where abnormal cells grow in the thyroid gland, located in the neck. It can disrupt hormone production and needs timely diagnosis.
2025-06-26 22:46:37,031 - __main__ - INFO - Chatbot response: Sorry, I didn't understand that.
2025-06-26 22:46:48,596 - __main__ - INFO - Chatbot response: While not always preventable, minimizing radiation exposure and maintaining regular health checkups can help reduce the risk.
2025-06-26 22:47:08,515 - __main__ - INFO - Chatbot response: Sorry, I didn't understand that.
2025-06-26 22:47:18,819 - __main__ - INFO - Chatbot response: The main types are papillary, follicular, medullary, and anaplastic thyroid cancer. Papillary is the most common and usually grows slowly.
2025-06-26 23:00:13,020 - __main__ - INFO - Chatbot response: Hello! I'm here to assist you with thyroid-related information.
2025-06-26 23:00:20,340 - __main__ - INFO - Prediction made for file 3_b.jpg
2025-06-26 23:00:28,090 - __main__ - INFO - Prediction made for file 3_i.jpg
2025-06-26 23:00:35,787 - __main__ - INFO - Prediction made for file 92_i.jpg
2025-06-26 23:00:49,386 - __main__ - INFO - Chatbot response: Thyroid cancer is a disease where abnormal cells grow in the thyroid gland, located in the neck. It can disrupt hormone production and needs timely diagnosis.
2025-06-26 23:01:03,903 - __main__ - INFO - Chatbot response: Thyroid cancer is a disease where abnormal cells grow in the thyroid gland, located in the neck. It can disrupt hormone production and needs timely diagnosis.
2025-06-26 23:01:15,458 - __main__ - INFO - Chatbot response: While not always preventable, minimizing radiation exposure and maintaining regular health checkups can help reduce the risk.
2025-06-26 23:01:49,602 - __main__ - INFO - Chatbot response: The main types are papillary, follicular, medullary, and anaplastic thyroid cancer. Papillary is the most common and usually grows slowly.
2025-06-26 23:02:22,201 - __main__ - INFO - Chatbot response: Thyroid cancer patients are advised to eat a balanced diet rich in fruits, vegetables, whole grains, and lean proteins. Limiting processed foods and consulting a dietitian can help tailor your diet.
2025-06-26 23:06:49,943 - __main__ - INFO - Chatbot response: Hi there! Ask me anything about thyroid health.
2025-06-26 23:07:11,425 - __main__ - INFO - Chatbot response: Treatment options include surgery, radioactive iodine therapy, hormone therapy, radiation, and sometimes chemotherapy. The choice depends on the type and stage of the condition.
2025-06-26 23:08:01,337 - __main__ - INFO - Chatbot response: Sorry, I didn't understand that.
2025-06-26 23:08:15,146 - __main__ - INFO - Chatbot response: Sorry, I didn't understand that.
2025-06-26 23:08:47,392 - __main__ - INFO - Chatbot response: Hi there! Ask me anything about thyroid health.
2025-06-26 23:09:13,493 - __main__ - INFO - Chatbot response: Sorry, I didn't understand that.
2025-06-26 23:09:24,962 - __main__ - INFO - Chatbot response: Sorry, I didn't understand that.
2025-06-26 23:09:38,531 - __main__ - INFO - Chatbot response: While not always preventable, minimizing radiation exposure and maintaining regular health checkups can help reduce the risk.
2025-06-26 23:10:03,021 - __main__ - INFO - Chatbot response: Sorry, I didn't understand that.
2025-06-26 23:10:34,861 - __main__ - INFO - Chatbot response: Sorry, I didn't understand that.
2025-06-26 23:10:51,088 - __main__ - INFO - Chatbot response: Common symptoms include a lump in the neck, hoarseness, difficulty swallowing, and swollen lymph nodes.
2025-06-26 23:11:13,281 - __main__ - INFO - Chatbot response: Early detection involves observing symptoms like neck lumps or voice changes and confirming with blood tests, ultrasound, and biopsy.
2025-06-26 23:11:30,941 - __main__ - INFO - Chatbot response: Thyroid cancer patients are advised to eat a balanced diet rich in fruits, vegetables, whole grains, and lean proteins. Limiting processed foods and consulting a dietitian can help tailor your diet.
2025-06-26 23:11:53,035 - __main__ - INFO - Chatbot response: Treatment options include surgery, radioactive iodine therapy, hormone therapy, radiation, and sometimes chemotherapy. The choice depends on the type and stage of the condition.
2025-06-26 23:12:25,724 - __main__ - INFO - Chatbot response: Risk factors include family history, radiation exposure, certain genetic conditions, and being female. Early awareness is key.
2025-06-26 23:12:47,358 - __main__ - INFO - Chatbot response: The main types are papillary, follicular, medullary, and anaplastic thyroid cancer. Papillary is the most common and usually grows slowly.
2025-06-26 23:13:07,576 - __main__ - INFO - Chatbot response: Sorry, I didn't understand that.
2025-06-26 23:13:22,945 - __main__ - INFO - Chatbot response: While not always preventable, minimizing radiation exposure and maintaining regular health checkups can help reduce the risk.
2025-06-26 23:13:58,477 - __main__ - INFO - Chatbot response: There are many support groups online and offline where patients and families share experiences, advice, and emotional support.
2025-06-26 23:14:38,548 - __main__ - INFO - Chatbot response: While not always preventable, minimizing radiation exposure and maintaining regular health checkups can help reduce the risk.
2025-06-26 23:25:14,048 - __main__ - INFO - Prediction made for file 10_i.jpg
2025-06-26 23:25:25,874 - __main__ - INFO - Prediction made for file 136_b.jpg
2025-06-26 23:25:54,172 - __main__ - INFO - Chatbot response: Hi there! Ask me anything about thyroid health.
2025-06-26 23:26:01,120 - __main__ - INFO - Chatbot response: Hey! How can I help you today?
2025-06-27 09:44:21,930 - __main__ - INFO - Prediction made for file 107_b.jpg
2025-06-27 09:44:30,289 - __main__ - INFO - Prediction made for file 143_b.jpg
2025-06-27 09:44:34,583 - __main__ - INFO - Chatbot response: Hi there! Ask me anything about thyroid health.
2025-06-27 09:44:41,335 - __main__ - INFO - Chatbot response: Thyroid cancer is a disease where abnormal cells grow in the thyroid gland, located in the neck. It can disrupt hormone production and needs timely diagnosis.
2025-06-27 10:16:36,845 - __main__ - INFO - Chatbot response: Hey! How can I help you today?
2025-06-27 10:17:06,655 - __main__ - INFO - Prediction made for file 91_b.jpg
2025-06-27 10:35:33,498 - __main__ - INFO - Prediction made for file 18_b.jpg
2025-06-27 10:35:58,337 - __main__ - INFO - Prediction made for file 62_i.jpg
2025-06-27 10:37:47,807 - __main__ - INFO - Chatbot response: Hello! I'm here to assist you with thyroid-related information.
2025-06-27 10:39:33,913 - __main__ - INFO - Chatbot response: Thyroid cancer is a disease where abnormal cells grow in the thyroid gland, located in the neck. It can disrupt hormone production and needs timely diagnosis.
2025-06-27 10:46:35,811 - __main__ - INFO - Prediction made for file 11_i.jpg
2025-06-27 10:46:49,717 - __main__ - INFO - Prediction made for file 54_b.jpg
2025-06-27 12:35:05,837 - __main__ - INFO - Chatbot response: Hi there! Ask me anything about thyroid health.
2025-06-27 12:35:13,045 - __main__ - INFO - Chatbot response: Thyroid cancer is a disease where abnormal cells grow in the thyroid gland, located in the neck. It can disrupt hormone production and needs timely diagnosis.
2025-06-27 12:35:17,962 - __main__ - INFO - Chatbot response: Early detection involves observing symptoms like neck lumps or voice changes and confirming with blood tests, ultrasound, and biopsy.
2025-06-27 12:35:27,855 - __main__ - INFO - Chatbot response: The main types are papillary, follicular, medullary, and anaplastic thyroid cancer. Papillary is the most common and usually grows slowly.
2025-06-27 12:35:59,599 - __main__ - INFO - Chatbot response: Common symptoms include a lump in the neck, hoarseness, difficulty swallowing, and swollen lymph nodes.
2025-06-27 12:36:28,924 - __main__ - INFO - Chatbot response: Eat a balanced diet with leafy greens, whole grains, fruits, and lean proteins. Hydrate well and avoid excessive sugar and junk food.
2025-06-27 12:37:30,286 - __main__ - INFO - Chatbot response: While not always preventable, minimizing radiation exposure and maintaining regular health checkups can help reduce the risk.
2025-06-27 13:54:24,670 - __main__ - INFO - Prediction made for file 4_b.jpg
2025-06-27 13:54:49,076 - __main__ - INFO - Prediction made for file 3_i.jpg
2025-06-27 13:54:53,513 - __main__ - INFO - Chatbot response: Hi there! Ask me anything about thyroid health.
2025-06-27 13:55:05,674 - __main__ - INFO - Chatbot response: Thyroid cancer is a disease where abnormal cells grow in the thyroid gland, located in the neck. It can disrupt hormone production and needs timely diagnosis.
2025-07-17 21:09:49,914 - __main__ - INFO - Prediction made for file 1_b.jpg
2025-07-17 21:32:06,365 - __main__ - INFO - Prediction made for file 2_b.jpg
2025-07-17 21:32:09,891 - __main__ - INFO - Chatbot response: Hey! How can I help you today?
2026-05-10 15:09:56,322 - __main__ - INFO - Chatbot response: Hi there! Ask me anything about thyroid health.
2026-05-10 15:10:00,251 - __main__ - INFO - Chatbot response: Hello! I'm here to assist you with thyroid-related information.
2026-05-10 15:10:06,052 - __main__ - INFO - Chatbot response: Sorry, I didn't understand that.
2026-05-10 15:10:09,264 - __main__ - INFO - Chatbot response: Sorry, I didn't understand that.
2026-05-10 15:10:41,819 - __main__ - INFO - Prediction made for file 219.png
2026-05-10 15:10:52,241 - __main__ - INFO - Prediction made for file 1034.png
2026-05-11 07:40:30,798 - __main__ - INFO - Chatbot response: Hi there! Ask me anything about thyroid health.
2026-05-11 07:40:38,925 - __main__ - INFO - Chatbot response: Thyroid cancer is a disease where abnormal cells grow in the thyroid gland, located in the neck. It can disrupt hormone production and needs timely diagnosis.
2026-05-11 07:40:46,918 - __main__ - INFO - Chatbot response: Early detection involves observing symptoms like neck lumps or voice changes and confirming with blood tests, ultrasound, and biopsy.
2026-05-11 07:53:44,896 - __main__ - INFO - Chatbot response: Hey! How can I help you today?
2026-05-11 07:53:47,873 - __main__ - INFO - Chatbot response: Hi there! Ask me anything about thyroid health.
2026-05-11 07:54:07,760 - __main__ - INFO - Prediction made for file 17.png
2026-05-11 07:54:18,282 - __main__ - INFO - Prediction made for file 12.png
2026-05-11 07:54:27,294 - __main__ - INFO - Prediction made for file 518.png
2026-05-11 07:54:41,707 - __main__ - INFO - Prediction made for file 243.png
2026-05-11 08:28:11,811 - __main__ - INFO - Chatbot response: Hey! How can I help you today?
2026-05-11 08:28:18,258 - __main__ - INFO - Chatbot response: Sorry, I didn't understand that.
2026-05-11 08:28:23,701 - __main__ - INFO - Chatbot response: Hey! How can I help you today?
2026-05-11 08:28:27,339 - __main__ - INFO - Chatbot response: Hey! How can I help you today?
2026-05-11 08:29:03,037 - __main__ - INFO - Prediction made for file 128_b.jpg
2026-05-11 08:30:22,012 - __main__ - INFO - Chatbot response: Hello! I'm here to assist you with thyroid-related information.
2026-05-11 08:30:25,190 - __main__ - INFO - Chatbot response: Hi there! Ask me anything about thyroid health.
2026-05-11 08:30:29,324 - __main__ - INFO - Chatbot response: Sorry, I didn't understand that.
2026-05-11 08:30:33,849 - __main__ - INFO - Prediction made for file 12_b.jpg
2026-05-11 08:30:44,094 - __main__ - INFO - Prediction made for file 561_b.jpg
2026-05-11 08:30:53,930 - __main__ - INFO - Prediction made for file 176_i.jpg
2026-05-11 08:31:00,551 - __main__ - INFO - Prediction made for file 531_i.jpg
2026-05-11 08:31:07,964 - __main__ - INFO - Prediction made for file 293_i.jpg
2026-05-14 11:44:38,020 - __main__ - INFO - Chatbot response: Hi there! Ask me anything about thyroid health.
2026-05-14 11:45:06,327 - __main__ - INFO - Chatbot response: Thyroid cancer is a disease where abnormal cells grow in the thyroid gland, located in the neck. It can disrupt hormone production and needs timely diagnosis.
2026-05-14 11:45:17,551 - __main__ - INFO - Chatbot response: Early detection involves observing symptoms like neck lumps or voice changes and confirming with blood tests, ultrasound, and biopsy.
2026-05-14 11:45:33,302 - __main__ - INFO - Chatbot response: Eat a balanced diet with leafy greens, whole grains, fruits, and lean proteins. Hydrate well and avoid excessive sugar and junk food.
2026-05-14 11:45:54,687 - __main__ - INFO - Prediction made for file 14_i.jpg
2026-05-14 11:46:09,790 - __main__ - INFO - Prediction made for file 172.png
